Determining if the pthread_create exist failed with the following output:
Change Dir: /home/rafael/CSE180/build/CMakeFiles/CMakeTmp

Run Build Command:/usr/bin/make "cmTryCompileExec2666580075/fast"
/usr/bin/make -f CMakeFiles/cmTryCompileExec2666580075.dir/build.make CMakeFiles/cmTryCompileExec2666580075.dir/build
make[1]: Entering directory `/home/rafael/CSE180/build/CMakeFiles/CMakeTmp'
/usr/bin/cmake -E cmake_progress_report /home/rafael/CSE180/build/CMakeFiles/CMakeTmp/CMakeFiles 1
Building C object CMakeFiles/cmTryCompileExec2666580075.dir/CheckSymbolExists.c.o
/usr/bin/cc    -o CMakeFiles/cmTryCompileExec2666580075.dir/CheckSymbolExists.c.o   -c /home/rafael/CSE180/build/CMakeFiles/CMakeTmp/CheckSymbolExists.c
Linking C executable cmTryCompileExec2666580075
/usr/bin/cmake -E cmake_link_script CMakeFiles/cmTryCompileExec2666580075.dir/link.txt --verbose=1
/usr/bin/cc       CMakeFiles/cmTryCompileExec2666580075.dir/CheckSymbolExists.c.o  -o cmTryCompileExec2666580075 -rdynamic 
CMakeFiles/cmTryCompileExec2666580075.dir/CheckSymbolExists.c.o: In function `main':
CheckSymbolExists.c:(.text+0x16): undefined reference to `pthread_create'
collect2: error: ld returned 1 exit status
make[1]: Leaving directory `/home/rafael/CSE180/build/CMakeFiles/CMakeTmp'
make[1]: *** [cmTryCompileExec2666580075] Error 1
make: *** [cmTryCompileExec2666580075/fast] Error 2

File /home/rafael/CSE180/build/CMakeFiles/CMakeTmp/CheckSymbolExists.c:
/* */
#include <pthread.h>

int main(int argc, char** argv)
{
  (void)argv;
#ifndef pthread_create
  return ((int*)(&pthread_create))[argc];
#else
  (void)argc;
  return 0;
#endif
}

Determining if the function pthread_create exists in the pthreads failed with the following output:
Change Dir: /home/rafael/CSE180/build/CMakeFiles/CMakeTmp

Run Build Command:/usr/bin/make "cmTryCompileExec2805699631/fast"
/usr/bin/make -f CMakeFiles/cmTryCompileExec2805699631.dir/build.make CMakeFiles/cmTryCompileExec2805699631.dir/build
make[1]: Entering directory `/home/rafael/CSE180/build/CMakeFiles/CMakeTmp'
/usr/bin/cmake -E cmake_progress_report /home/rafael/CSE180/build/CMakeFiles/CMakeTmp/CMakeFiles 1
Building C object CMakeFiles/cmTryCompileExec2805699631.dir/CheckFunctionExists.c.o
/usr/bin/cc   -DCHECK_FUNCTION_EXISTS=pthread_create   -o CMakeFiles/cmTryCompileExec2805699631.dir/CheckFunctionExists.c.o   -c /usr/share/cmake-2.8/Modules/CheckFunctionExists.c
Linking C executable cmTryCompileExec2805699631
/usr/bin/cmake -E cmake_link_script CMakeFiles/cmTryCompileExec2805699631.dir/link.txt --verbose=1
/usr/bin/cc   -DCHECK_FUNCTION_EXISTS=pthread_create    CMakeFiles/cmTryCompileExec2805699631.dir/CheckFunctionExists.c.o  -o cmTryCompileExec2805699631 -rdynamic -lpthreads 
/usr/bin/ld: cannot find -lpthreads
make[1]: Leaving directory `/home/rafael/CSE180/build/CMakeFiles/CMakeTmp'
collect2: error: ld returned 1 exit status
make[1]: *** [cmTryCompileExec2805699631] Error 1
make: *** [cmTryCompileExec2805699631/fast] Error 2


